<?xml version="1.0" encoding="UTF-8" ?>
<testsuite failures="0" time="47.559" errors="0" skipped="16" tests="20" name="derpbear.RunCukeTest">
  <properties>
    <property name="java.runtime.name" value="Java(TM) SE Runtime Environment"/>
    <property name="sun.boot.library.path" value="/System/Library/Java/JavaVirtualMachines/1.6.0.jdk/Contents/Libraries"/>
    <property name="java.vm.version" value="20.51-b01-457"/>
    <property name="awt.nativeDoubleBuffering" value="true"/>
    <property name="gopherProxySet" value="false"/>
    <property name="mrj.build" value="11M4509"/>
    <property name="java.vm.vendor" value="Apple Inc."/>
    <property name="java.vendor.url" value="http://www.apple.com/"/>
    <property name="path.separator" value=":"/>
    <property name="guice.disable.misplaced.annotation.check" value="true"/>
    <property name="java.vm.name" value="Java HotSpot(TM) 64-Bit Server VM"/>
    <property name="file.encoding.pkg" value="sun.io"/>
    <property name="user.country" value="US"/>
    <property name="sun.java.launcher" value="SUN_STANDARD"/>
    <property name="sun.os.patch.level" value="unknown"/>
    <property name="java.vm.specification.name" value="Java Virtual Machine Specification"/>
    <property name="user.dir" value="/Users/bisbot/Projects/tutorials/derp_bear_multi_examples"/>
    <property name="java.runtime.version" value="1.6.0_51-b11-457-11M4509"/>
    <property name="java.awt.graphicsenv" value="apple.awt.CGraphicsEnvironment"/>
    <property name="java.endorsed.dirs" value="/System/Library/Java/JavaVirtualMachines/1.6.0.jdk/Contents/Home/lib/endorsed"/>
    <property name="os.arch" value="x86_64"/>
    <property name="java.io.tmpdir" value="/var/folders/lv/1x9tm5nx10n3xkj3rl1ps3sr0000gn/T/"/>
    <property name="line.separator" value="
"/>
    <property name="java.vm.specification.vendor" value="Sun Microsystems Inc."/>
    <property name="os.name" value="Mac OS X"/>
    <property name="classworlds.conf" value="/usr/share/maven/bin/m2.conf"/>
    <property name="sun.jnu.encoding" value="MacRoman"/>
    <property name="java.library.path" value=".:/Users/bisbot/Library/Java/Extensions:/Library/Java/Extensions:/System/Library/Java/Extensions:/usr/lib/java"/>
    <property name="java.specification.name" value="Java Platform API Specification"/>
    <property name="java.class.version" value="50.0"/>
    <property name="sun.management.compiler" value="HotSpot 64-Bit Tiered Compilers"/>
    <property name="os.version" value="10.7.5"/>
    <property name="user.home" value="/Users/bisbot"/>
    <property name="user.timezone" value="America/New_York"/>
    <property name="java.awt.printerjob" value="apple.awt.CPrinterJob"/>
    <property name="java.specification.version" value="1.6"/>
    <property name="file.encoding" value="MacRoman"/>
    <property name="user.name" value="bisbot"/>
    <property name="java.class.path" value="/usr/share/maven/boot/plexus-classworlds-2.4.jar"/>
    <property name="java.vm.specification.version" value="1.0"/>
    <property name="sun.arch.data.model" value="64"/>
    <property name="java.home" value="/System/Library/Java/JavaVirtualMachines/1.6.0.jdk/Contents/Home"/>
    <property name="sun.java.command" value="org.codehaus.plexus.classworlds.launcher.Launcher clean test"/>
    <property name="java.specification.vendor" value="Sun Microsystems Inc."/>
    <property name="user.language" value="en"/>
    <property name="awt.toolkit" value="apple.awt.CToolkit"/>
    <property name="java.vm.info" value="mixed mode"/>
    <property name="java.version" value="1.6.0_51"/>
    <property name="java.ext.dirs" value="/Users/bisbot/Library/Java/Extensions:/Library/Java/Extensions:/System/Library/Java/Extensions:/System/Library/Java/JavaVirtualMachines/1.6.0.jdk/Contents/Home/lib/ext"/>
    <property name="sun.boot.class.path" value="/System/Library/Java/JavaVirtualMachines/1.6.0.jdk/Contents/Classes/jsfd.jar:/System/Library/Java/JavaVirtualMachines/1.6.0.jdk/Contents/Classes/classes.jar:/System/Library/Frameworks/JavaVM.framework/Frameworks/JavaRuntimeSupport.framework/Resources/Java/JavaRuntimeSupport.jar:/System/Library/Java/JavaVirtualMachines/1.6.0.jdk/Contents/Classes/ui.jar:/System/Library/Java/JavaVirtualMachines/1.6.0.jdk/Contents/Classes/laf.jar:/System/Library/Java/JavaVirtualMachines/1.6.0.jdk/Contents/Classes/sunrsasign.jar:/System/Library/Java/JavaVirtualMachines/1.6.0.jdk/Contents/Classes/jsse.jar:/System/Library/Java/JavaVirtualMachines/1.6.0.jdk/Contents/Classes/jce.jar:/System/Library/Java/JavaVirtualMachines/1.6.0.jdk/Contents/Classes/charsets.jar"/>
    <property name="java.vendor" value="Apple Inc."/>
    <property name="maven.home" value="/usr/share/maven"/>
    <property name="file.separator" value="/"/>
    <property name="java.vendor.url.bug" value="http://bugreport.apple.com/"/>
    <property name="sun.cpu.endian" value="little"/>
    <property name="sun.io.unicode.encoding" value="UnicodeLittle"/>
    <property name="mrj.version" value="1070.1.6.0_51-457"/>
    <property name="sun.cpu.isalist" value=""/>
  </properties>
  <testcase time="3.097" classname="Scenario: Valid user login" name="Given I visit derpbear">
    <skipped/>
  </testcase>
  <testcase time="3.103" classname="Scenario: Valid user login" name="When I login">
    <skipped/>
  </testcase>
  <testcase time="3.104" classname="Scenario: Valid user login" name="Then I should see the logged in message">
    <skipped/>
  </testcase>
  <testcase time="3.697" classname="Scenario: Valid user login" name="Scenario: Valid user login">
    <skipped/>
  </testcase>
  <testcase time="3.698" classname="Scenario: Valid user login" name="Scenario: Valid user login"/>
  <testcase time="1.81" classname="Scenario: Valid user login other example" name="Given I visit derpbear">
    <skipped/>
  </testcase>
  <testcase time="1.811" classname="Scenario: Valid user login other example" name="When I login">
    <skipped/>
  </testcase>
  <testcase time="1.812" classname="Scenario: Valid user login other example" name="Then I should see \&quot;You are now Logged in.\&quot;">
    <skipped/>
  </testcase>
  <testcase time="2.41" classname="Scenario: Valid user login other example" name="Scenario: Valid user login other example">
    <skipped/>
  </testcase>
  <testcase time="2.41" classname="Scenario: Valid user login other example" name="Scenario: Valid user login other example"/>
  <testcase time="1.851" classname="Scenario: Invalid user login" name="Given I visit derpbear">
    <skipped/>
  </testcase>
  <testcase time="1.851" classname="Scenario: Invalid user login" name="When I login">
    <skipped/>
  </testcase>
  <testcase time="1.852" classname="Scenario: Invalid user login" name="Then I should see the logged in message">
    <skipped/>
  </testcase>
  <testcase time="2.419" classname="Scenario: Invalid user login" name="Scenario: Invalid user login">
    <skipped/>
  </testcase>
  <testcase time="2.419" classname="Scenario: Invalid user login" name="Scenario: Invalid user login"/>
  <testcase time="1.81" classname="Scenario: Invalid user login other example" name="Given I visit derpbear">
    <skipped/>
  </testcase>
  <testcase time="1.811" classname="Scenario: Invalid user login other example" name="When I login">
    <skipped/>
  </testcase>
  <testcase time="1.812" classname="Scenario: Invalid user login other example" name="Then I should see \&quot;Username or Password incorrect!\&quot;">
    <skipped/>
  </testcase>
  <testcase time="2.391" classname="Scenario: Invalid user login other example" name="Scenario: Invalid user login other example">
    <skipped/>
  </testcase>
  <testcase time="2.391" classname="Scenario: Invalid user login other example" name="Scenario: Invalid user login other example"/>
</testsuite>